#
# There is insufficient memory for the Java Runtime Environment to continue.
# Native memory allocation (malloc) failed to allocate 1056656 bytes for Chunk::new
# Possible reasons:
#   The system is out of physical RAM or swap space
#   The process is running with CompressedOops enabled, and the Java Heap may be blocking the growth of the native heap
# Possible solutions:
#   Reduce memory load on the system
#   Increase physical memory or swap space
#   Check if swap backing store is full
#   Decrease Java heap size (-Xmx/-Xms)
#   Decrease number of Java threads
#   Decrease Java thread stack sizes (-Xss)
#   Set larger code cache with -XX:ReservedCodeCacheSize=
#   JVM is running with Unscaled Compressed Oops mode in which the Java heap is
#     placed in the first 4GB address space. The Java Heap base address is the
#     maximum limit for the native heap growth. Please use -XX:HeapBaseMinAddress
#     to set the Java Heap base and to place the Java Heap above 4GB virtual address.
# This output file may be truncated or incomplete.
#
#  Out of Memory Error (./src/hotspot/share/memory/arena.cpp:197), pid=20052, tid=2812
#
# JRE version: OpenJDK Runtime Environment (11.0.12+7) (build 11.0.12+7-b1504.28-7817840)
# Java VM: OpenJDK 64-Bit Server VM (11.0.12+7-b1504.28-7817840, mixed mode, tiered, compressed oops, g1 gc, windows-amd64)
# No core dump will be written. Minidumps are not enabled by default on client versions of Windows
#

---------------  S U M M A R Y ------------

Command Line: --add-opens=java.base/java.util=ALL-UNNAMED --add-opens=java.base/java.lang=ALL-UNNAMED --add-opens=java.base/java.lang.invoke=ALL-UNNAMED --add-opens=java.base/java.util=ALL-UNNAMED --add-opens=java.prefs/java.util.prefs=ALL-UNNAMED --add-opens=java.prefs/java.util.prefs=ALL-UNNAMED --add-opens=java.base/java.nio.charset=ALL-UNNAMED --add-opens=java.base/java.net=ALL-UNNAMED --add-opens=java.base/java.util.concurrent.atomic=ALL-UNNAMED -Xmx2048m -Dfile.encoding=UTF-8 -Duser.country=CN -Duser.language=zh -Duser.variant org.gradle.launcher.daemon.bootstrap.GradleDaemon 7.3.3

Host: Intel(R) Core(TM) i7-10510U CPU @ 1.80GHz, 8 cores, 15G,  Windows 10 , 64 bit Build 22000 (10.0.22000.1219)
Time: Sun Dec  4 00:30:32 2022 中国标准时间 elapsed time: 2.813492 seconds (0d 0h 0m 2s)

---------------  T H R E A D  ---------------

Current thread (0x0000018c7f17e800):  JavaThread "C2 CompilerThread0" daemon [_thread_in_native, id=2812, stack(0x0000003f76a00000,0x0000003f76b00000)]


Current CompileTask:
C2:   2813 2010       4       java.net.URLClassLoader$1::run (5 bytes)

Stack: [0x0000003f76a00000,0x0000003f76b00000]
Native frames: (J=compiled Java code, j=interpreted, Vv=VM code, C=native code)
V  [jvm.dll+0x5fbcea]
V  [jvm.dll+0x731905]
V  [jvm.dll+0x732f1d]
V  [jvm.dll+0x7335d3]
V  [jvm.dll+0x247bf8]
V  [jvm.dll+0xc018c]
V  [jvm.dll+0xc06cc]
V  [jvm.dll+0x2bcc04]
V  [jvm.dll+0x5113a8]
V  [jvm.dll+0x208303]
V  [jvm.dll+0x201fe0]
V  [jvm.dll+0x1ff71f]
V  [jvm.dll+0x18868c]
V  [jvm.dll+0x20e0d7]
V  [jvm.dll+0x20c901]
V  [jvm.dll+0x6f9b7f]
V  [jvm.dll+0x6f26a5]
V  [jvm.dll+0x5fabf6]
C  [ucrtbase.dll+0x26c0c]
C  [KERNEL32.DLL+0x15550]
C  [ntdll.dll+0x485b]


---------------  P R O C E S S  ---------------

Threads class SMR info:
_java_thread_list=0x0000018c0185b460, length=24, elements={
0x0000018c64413800, 0x0000018c7f142800, 0x0000018c7f14b000, 0x0000018c7f177800,
0x0000018c7f178800, 0x0000018c7f17d800, 0x0000018c7f17e800, 0x0000018c7f185800,
0x0000018c7f188800, 0x0000018c7f2e9800, 0x0000018c7f425000, 0x0000018c01424800,
0x0000018c01425800, 0x0000018c01423000, 0x0000018c01428800, 0x0000018c01426000,
0x0000018c01424000, 0x0000018c01429800, 0x0000018c01428000, 0x0000018c01427000,
0x0000018c0182f000, 0x0000018c0182c800, 0x0000018c0182d800, 0x0000018c0182b000
}

Java Threads: ( => current thread )
  0x0000018c64413800 JavaThread "main" [_thread_blocked, id=18736, stack(0x0000003f75e00000,0x0000003f75f00000)]
  0x0000018c7f142800 JavaThread "Reference Handler" daemon [_thread_blocked, id=15384, stack(0x0000003f76500000,0x0000003f76600000)]
  0x0000018c7f14b000 JavaThread "Finalizer" daemon [_thread_blocked, id=13844, stack(0x0000003f76600000,0x0000003f76700000)]
  0x0000018c7f177800 JavaThread "Signal Dispatcher" daemon [_thread_blocked, id=14280, stack(0x0000003f76700000,0x0000003f76800000)]
  0x0000018c7f178800 JavaThread "Attach Listener" daemon [_thread_blocked, id=19868, stack(0x0000003f76800000,0x0000003f76900000)]
  0x0000018c7f17d800 JavaThread "Service Thread" daemon [_thread_blocked, id=2416, stack(0x0000003f76900000,0x0000003f76a00000)]
=>0x0000018c7f17e800 JavaThread "C2 CompilerThread0" daemon [_thread_in_native, id=2812, stack(0x0000003f76a00000,0x0000003f76b00000)]
  0x0000018c7f185800 JavaThread "C1 CompilerThread0" daemon [_thread_in_vm, id=4288, stack(0x0000003f76b00000,0x0000003f76c00000)]
  0x0000018c7f188800 JavaThread "Sweeper thread" daemon [_thread_blocked, id=7864, stack(0x0000003f76c00000,0x0000003f76d00000)]
  0x0000018c7f2e9800 JavaThread "Common-Cleaner" daemon [_thread_blocked, id=18760, stack(0x0000003f76d00000,0x0000003f76e00000)]
  0x0000018c7f425000 JavaThread "C2 CompilerThread1" daemon [_thread_in_native, id=3300, stack(0x0000003f76f00000,0x0000003f77000000)]
  0x0000018c01424800 JavaThread "Daemon health stats" [_thread_blocked, id=2492, stack(0x0000003f77600000,0x0000003f77700000)]
  0x0000018c01425800 JavaThread "Incoming local TCP Connector on port 52315" [_thread_in_native, id=12576, stack(0x0000003f77000000,0x0000003f77100000)]
  0x0000018c01423000 JavaThread "Daemon periodic checks" [_thread_blocked, id=15284, stack(0x0000003f77700000,0x0000003f77800000)]
  0x0000018c01428800 JavaThread "Daemon" [_thread_blocked, id=19664, stack(0x0000003f77800000,0x0000003f77900000)]
  0x0000018c01426000 JavaThread "Handler for socket connection from /127.0.0.1:52315 to /127.0.0.1:52316" [_thread_in_native, id=8016, stack(0x0000003f77900000,0x0000003f77a00000)]
  0x0000018c01424000 JavaThread "Cancel handler" [_thread_blocked, id=21828, stack(0x0000003f77a00000,0x0000003f77b00000)]
  0x0000018c01429800 JavaThread "Daemon worker" [_thread_in_vm, id=22496, stack(0x0000003f77b00000,0x0000003f77c00000)]
  0x0000018c01428000 JavaThread "Asynchronous log dispatcher for DefaultDaemonConnection: socket connection from /127.0.0.1:52315 to /127.0.0.1:52316" [_thread_blocked, id=2780, stack(0x0000003f77c00000,0x0000003f77d00000)]
  0x0000018c01427000 JavaThread "Stdin handler" [_thread_blocked, id=21200, stack(0x0000003f77d00000,0x0000003f77e00000)]
  0x0000018c0182f000 JavaThread "Daemon client event forwarder" [_thread_blocked, id=16816, stack(0x0000003f77e00000,0x0000003f77f00000)]
  0x0000018c0182c800 JavaThread "Cache worker for journal cache (G:\APP\Android studio\.gradle\caches\journal-1)" [_thread_blocked, id=18184, stack(0x0000003f77f00000,0x0000003f78000000)]
  0x0000018c0182d800 JavaThread "File lock request listener" [_thread_in_native, id=21480, stack(0x0000003f78000000,0x0000003f78100000)]
  0x0000018c0182b000 JavaThread "Cache worker for file hash cache (G:\APP\Android studio\.gradle\caches\7.3.3\fileHashes)" [_thread_blocked, id=18640, stack(0x0000003f78100000,0x0000003f78200000)]

Other Threads:
  0x0000018c7f0fc000 VMThread "VM Thread" [stack: 0x0000003f76400000,0x0000003f76500000] [id=2012]
  0x0000018c7f36c000 WatcherThread [stack: 0x0000003f76e00000,0x0000003f76f00000] [id=19044]
  0x0000018c6442c000 GCTaskThread "GC Thread#0" [stack: 0x0000003f75f00000,0x0000003f76000000] [id=22152]
  0x0000018c0010d000 GCTaskThread "GC Thread#1" [stack: 0x0000003f77100000,0x0000003f77200000] [id=640]
  0x0000018c7f7af000 GCTaskThread "GC Thread#2" [stack: 0x0000003f77200000,0x0000003f77300000] [id=21900]
  0x0000018c00234800 GCTaskThread "GC Thread#3" [stack: 0x0000003f77300000,0x0000003f77400000] [id=9528]
  0x0000018c7f95d000 GCTaskThread "GC Thread#4" [stack: 0x0000003f77400000,0x0000003f77500000] [id=10800]
  0x0000018c7f721800 GCTaskThread "GC Thread#5" [stack: 0x0000003f77500000,0x0000003f77600000] [id=10704]
  0x0000018c00f72800 GCTaskThread "GC Thread#6" [stack: 0x0000003f78200000,0x0000003f78300000] [id=19748]
  0x0000018c015c8800 GCTaskThread "GC Thread#7" [stack: 0x0000003f78300000,0x0000003f78400000] [id=21932]
  0x0000018c64460800 ConcurrentGCThread "G1 Main Marker" [stack: 0x0000003f76000000,0x0000003f76100000] [id=12888]
  0x0000018c64462800 ConcurrentGCThread "G1 Conc#0" [stack: 0x0000003f76100000,0x0000003f76200000] [id=10592]
  0x0000018c0145f000 ConcurrentGCThread "G1 Conc#1" [stack: 0x0000003f78400000,0x0000003f78500000] [id=5560]
  0x0000018c644ed800 ConcurrentGCThread "G1 Refine#0" [stack: 0x0000003f76200000,0x0000003f76300000] [id=18580]
  0x0000018c7e764800 ConcurrentGCThread "G1 Young RemSet Sampling" [stack: 0x0000003f76300000,0x0000003f76400000] [id=11664]

Threads with active compile tasks:
C2 CompilerThread0   2845 2010       4       java.net.URLClassLoader$1::run (5 bytes)
C1 CompilerThread0   2845 2056       3       org.gradle.internal.reflect.PropertyAccessorType::of (95 bytes)
C2 CompilerThread1   2845 2055       4       java.lang.reflect.ProxyGenerator$ConstantPool::getValue (87 bytes)

VM state:not at safepoint (normal execution)

VM Mutex/Monitor currently owned by a thread: None

Heap address: 0x0000000080000000, size: 2048 MB, Compressed Oops mode: 32-bit
Narrow klass base: 0x0000000000000000, Narrow klass shift: 3
Compressed class space size: 1073741824 Address: 0x0000000100000000

Heap:
 garbage-first heap   total 260096K, used 45447K [0x0000000080000000, 0x0000000100000000)
  region size 1024K, 40 young (40960K), 11 survivors (11264K)
 Metaspace       used 23577K, capacity 24131K, committed 24368K, reserved 1071104K
  class space    used 2994K, capacity 3199K, committed 3200K, reserved 1048576K
Heap Regions: E=young(eden), S=young(survivor), O=old, HS=humongous(starts), HC=humongous(continues), CS=collection set, F=free, A=archive, TAMS=top-at-mark-start (previous, next)
|   0|0x0000000080000000, 0x0000000080000000, 0x0000000080100000|  0%| F|  |TAMS 0x0000000080000000, 0x0000000080000000| Untracked 
|   1|0x0000000080100000, 0x0000000080100000, 0x0000000080200000|  0%| F|  |TAMS 0x0000000080100000, 0x0000000080100000| Untracked 
|   2|0x0000000080200000, 0x0000000080200000, 0x0000000080300000|  0%| F|  |TAMS 0x0000000080200000, 0x0000000080200000| Untracked 
|   3|0x0000000080300000, 0x0000000080400000, 0x0000000080400000|100%|HS|  |TAMS 0x0000000080400000, 0x0000000080300000| Complete 
|   4|0x0000000080400000, 0x0000000080500000, 0x0000000080500000|100%|HC|  |TAMS 0x0000000080500000, 0x0000000080400000| Complete 
|   5|0x0000000080500000, 0x0000000080600000, 0x0000000080600000|100%|HC|  |TAMS 0x0000000080600000, 0x0000000080500000| Complete 
|   6|0x0000000080600000, 0x0000000080700000, 0x0000000080700000|100%| O|  |TAMS 0x0000000080700000, 0x0000000080600000| Untracked 
|   7|0x0000000080700000, 0x0000000080800000, 0x0000000080800000|100%| O|  |TAMS 0x0000000080800000, 0x0000000080700000| Untracked 
|   8|0x0000000080800000, 0x0000000080900000, 0x0000000080900000|100%| O|  |TAMS 0x0000000080900000, 0x0000000080800000| Untracked 
|   9|0x0000000080900000, 0x000000008093fc00, 0x0000000080a00000| 24%| O|  |TAMS 0x000000008093fc00, 0x0000000080900000| Untracked 
|  10|0x0000000080a00000, 0x0000000080a00000, 0x0000000080b00000|  0%| F|  |TAMS 0x0000000080a00000, 0x0000000080a00000| Untracked 
|  11|0x0000000080b00000, 0x0000000080b00000, 0x0000000080c00000|  0%| F|  |TAMS 0x0000000080b00000, 0x0000000080b00000| Untracked 
|  12|0x0000000080c00000, 0x0000000080c00000, 0x0000000080d00000|  0%| F|  |TAMS 0x0000000080c00000, 0x0000000080c00000| Untracked 
|  13|0x0000000080d00000, 0x0000000080d00000, 0x0000000080e00000|  0%| F|  |TAMS 0x0000000080d00000, 0x0000000080d00000| Untracked 
|  14|0x0000000080e00000, 0x0000000080e00000, 0x0000000080f00000|  0%| F|  |TAMS 0x0000000080e00000, 0x0000000080e00000| Untracked 
|  15|0x0000000080f00000, 0x0000000080f00000, 0x0000000081000000|  0%| F|  |TAMS 0x0000000080f00000, 0x0000000080f00000| Untracked 
|  16|0x0000000081000000, 0x0000000081000000, 0x0000000081100000|  0%| F|  |TAMS 0x0000000081000000, 0x0000000081000000| Untracked 
|  17|0x0000000081100000, 0x0000000081100000, 0x0000000081200000|  0%| F|  |TAMS 0x0000000081100000, 0x0000000081100000| Untracked 
|  18|0x0000000081200000, 0x0000000081200000, 0x0000000081300000|  0%| F|  |TAMS 0x0000000081200000, 0x0000000081200000| Untracked 
|  19|0x0000000081300000, 0x0000000081300000, 0x0000000081400000|  0%| F|  |TAMS 0x0000000081300000, 0x0000000081300000| Untracked 
|  20|0x0000000081400000, 0x0000000081400000, 0x0000000081500000|  0%| F|  |TAMS 0x0000000081400000, 0x0000000081400000| Untracked 
|  21|0x0000000081500000, 0x0000000081500000, 0x0000000081600000|  0%| F|  |TAMS 0x0000000081500000, 0x0000000081500000| Untracked 
|  22|0x0000000081600000, 0x0000000081600000, 0x0000000081700000|  0%| F|  |TAMS 0x0000000081600000, 0x0000000081600000| Untracked 
|  23|0x0000000081700000, 0x0000000081700000, 0x0000000081800000|  0%| F|  |TAMS 0x0000000081700000, 0x0000000081700000| Untracked 
|  24|0x0000000081800000, 0x0000000081800000, 0x0000000081900000|  0%| F|  |TAMS 0x0000000081800000, 0x0000000081800000| Untracked 
|  25|0x0000000081900000, 0x0000000081900000, 0x0000000081a00000|  0%| F|  |TAMS 0x0000000081900000, 0x0000000081900000| Untracked 
|  26|0x0000000081a00000, 0x0000000081a00000, 0x0000000081b00000|  0%| F|  |TAMS 0x0000000081a00000, 0x0000000081a00000| Untracked 
|  27|0x0000000081b00000, 0x0000000081b00000, 0x0000000081c00000|  0%| F|  |TAMS 0x0000000081b00000, 0x0000000081b00000| Untracked 
|  28|0x0000000081c00000, 0x0000000081c00000, 0x0000000081d00000|  0%| F|  |TAMS 0x0000000081c00000, 0x0000000081c00000| Untracked 
|  29|0x0000000081d00000, 0x0000000081d00000, 0x0000000081e00000|  0%| F|  |TAMS 0x0000000081d00000, 0x0000000081d00000| Untracked 
|  30|0x0000000081e00000, 0x0000000081e00000, 0x0000000081f00000|  0%| F|  |TAMS 0x0000000081e00000, 0x0000000081e00000| Untracked 
|  31|0x0000000081f00000, 0x0000000081f00000, 0x0000000082000000|  0%| F|  |TAMS 0x0000000081f00000, 0x0000000081f00000| Untracked 
|  32|0x0000000082000000, 0x0000000082000000, 0x0000000082100000|  0%| F|  |TAMS 0x0000000082000000, 0x0000000082000000| Untracked 
|  33|0x0000000082100000, 0x0000000082100000, 0x0000000082200000|  0%| F|  |TAMS 0x0000000082100000, 0x0000000082100000| Untracked 
|  34|0x0000000082200000, 0x0000000082200000, 0x0000000082300000|  0%| F|  |TAMS 0x0000000082200000, 0x0000000082200000| Untracked 
|  35|0x0000000082300000, 0x0000000082300000, 0x0000000082400000|  0%| F|  |TAMS 0x0000000082300000, 0x0000000082300000| Untracked 
|  36|0x0000000082400000, 0x0000000082400000, 0x0000000082500000|  0%| F|  |TAMS 0x0000000082400000, 0x0000000082400000| Untracked 
|  37|0x0000000082500000, 0x0000000082500000, 0x0000000082600000|  0%| F|  |TAMS 0x0000000082500000, 0x0000000082500000| Untracked 
|  38|0x0000000082600000, 0x0000000082600000, 0x0000000082700000|  0%| F|  |TAMS 0x0000000082600000, 0x0000000082600000| Untracked 
|  39|0x0000000082700000, 0x0000000082700000, 0x0000000082800000|  0%| F|  |TAMS 0x0000000082700000, 0x0000000082700000| Untracked 
|  40|0x0000000082800000, 0x0000000082800000, 0x0000000082900000|  0%| F|  |TAMS 0x0000000082800000, 0x0000000082800000| Untracked 
|  41|0x0000000082900000, 0x0000000082900000, 0x0000000082a00000|  0%| F|  |TAMS 0x0000000082900000, 0x0000000082900000| Untracked 
|  42|0x0000000082a00000, 0x0000000082a00000, 0x0000000082b00000|  0%| F|  |TAMS 0x0000000082a00000, 0x0000000082a00000| Untracked 
|  43|0x0000000082b00000, 0x0000000082b00000, 0x0000000082c00000|  0%| F|  |TAMS 0x0000000082b00000, 0x0000000082b00000| Untracked 
|  44|0x0000000082c00000, 0x0000000082c00000, 0x0000000082d00000|  0%| F|  |TAMS 0x0000000082c00000, 0x0000000082c00000| Untracked 
|  45|0x0000000082d00000, 0x0000000082d00000, 0x0000000082e00000|  0%| F|  |TAMS 0x0000000082d00000, 0x0000000082d00000| Untracked 
|  46|0x0000000082e00000, 0x0000000082e00000, 0x0000000082f00000|  0%| F|  |TAMS 0x0000000082e00000, 0x0000000082e00000| Untracked 
|  47|0x0000000082f00000, 0x0000000082f00000, 0x0000000083000000|  0%| F|  |TAMS 0x0000000082f00000, 0x0000000082f00000| Untracked 
|  48|0x0000000083000000, 0x0000000083000000, 0x0000000083100000|  0%| F|  |TAMS 0x0000000083000000, 0x0000000083000000| Untracked 
|  49|0x0000000083100000, 0x0000000083100000, 0x0000000083200000|  0%| F|  |TAMS 0x0000000083100000, 0x0000000083100000| Untracked 
|  50|0x0000000083200000, 0x0000000083200000, 0x0000000083300000|  0%| F|  |TAMS 0x0000000083200000, 0x0000000083200000| Untracked 
|  51|0x0000000083300000, 0x0000000083300000, 0x0000000083400000|  0%| F|  |TAMS 0x0000000083300000, 0x0000000083300000| Untracked 
|  52|0x0000000083400000, 0x0000000083400000, 0x0000000083500000|  0%| F|  |TAMS 0x0000000083400000, 0x0000000083400000| Untracked 
|  53|0x0000000083500000, 0x0000000083500000, 0x0000000083600000|  0%| F|  |TAMS 0x0000000083500000, 0x0000000083500000| Untracked 
|  54|0x0000000083600000, 0x0000000083600000, 0x0000000083700000|  0%| F|  |TAMS 0x0000000083600000, 0x0000000083600000| Untracked 
|  55|0x0000000083700000, 0x0000000083700000, 0x0000000083800000|  0%| F|  |TAMS 0x0000000083700000, 0x0000000083700000| Untracked 
|  56|0x0000000083800000, 0x0000000083800000, 0x0000000083900000|  0%| F|  |TAMS 0x0000000083800000, 0x0000000083800000| Untracked 
|  57|0x0000000083900000, 0x0000000083900000, 0x0000000083a00000|  0%| F|  |TAMS 0x0000000083900000, 0x0000000083900000| Untracked 
|  58|0x0000000083a00000, 0x0000000083a00000, 0x0000000083b00000|  0%| F|  |TAMS 0x0000000083a00000, 0x0000000083a00000| Untracked 
|  59|0x0000000083b00000, 0x0000000083b00000, 0x0000000083c00000|  0%| F|  |TAMS 0x0000000083b00000, 0x0000000083b00000| Untracked 
|  60|0x0000000083c00000, 0x0000000083c00000, 0x0000000083d00000|  0%| F|  |TAMS 0x0000000083c00000, 0x0000000083c00000| Untracked 
|  61|0x0000000083d00000, 0x0000000083d00000, 0x0000000083e00000|  0%| F|  |TAMS 0x0000000083d00000, 0x0000000083d00000| Untracked 
|  62|0x0000000083e00000, 0x0000000083e00000, 0x0000000083f00000|  0%| F|  |TAMS 0x0000000083e00000, 0x0000000083e00000| Untracked 
|  63|0x0000000083f00000, 0x0000000083f00000, 0x0000000084000000|  0%| F|  |TAMS 0x0000000083f00000, 0x0000000083f00000| Untracked 
|  64|0x0000000084000000, 0x0000000084000000, 0x0000000084100000|  0%| F|  |TAMS 0x0000000084000000, 0x0000000084000000| Untracked 
|  65|0x0000000084100000, 0x0000000084100000, 0x0000000084200000|  0%| F|  |TAMS 0x0000000084100000, 0x0000000084100000| Untracked 
|  66|0x0000000084200000, 0x0000000084200000, 0x0000000084300000|  0%| F|  |TAMS 0x0000000084200000, 0x0000000084200000| Untracked 
|  67|0x0000000084300000, 0x0000000084300000, 0x0000000084400000|  0%| F|  |TAMS 0x0000000084300000, 0x0000000084300000| Untracked 
|  68|0x0000000084400000, 0x0000000084400000, 0x0000000084500000|  0%| F|  |TAMS 0x0000000084400000, 0x0000000084400000| Untracked 
|  69|0x0000000084500000, 0x0000000084500000, 0x0000000084600000|  0%| F|  |TAMS 0x0000000084500000, 0x0000000084500000| Untracked 
|  70|0x0000000084600000, 0x0000000084600000, 0x0000000084700000|  0%| F|  |TAMS 0x0000000084600000, 0x0000000084600000| Untracked 
|  71|0x0000000084700000, 0x0000000084700000, 0x0000000084800000|  0%| F|  |TAMS 0x0000000084700000, 0x0000000084700000| Untracked 
|  72|0x0000000084800000, 0x0000000084800000, 0x0000000084900000|  0%| F|  |TAMS 0x0000000084800000, 0x0000000084800000| Untracked 
|  73|0x0000000084900000, 0x0000000084900000, 0x0000000084a00000|  0%| F|  |TAMS 0x0000000084900000, 0x0000000084900000| Untracked 
|  74|0x0000000084a00000, 0x0000000084a00000, 0x0000000084b00000|  0%| F|  |TAMS 0x0000000084a00000, 0x0000000084a00000| Untracked 
|  75|0x0000000084b00000, 0x0000000084b00000, 0x0000000084c00000|  0%| F|  |TAMS 0x0000000084b00000, 0x0000000084b00000| Untracked 
|  76|0x0000000084c00000, 0x0000000084c00000, 0x0000000084d00000|  0%| F|  |TAMS 0x0000000084c00000, 0x0000000084c00000| Untracked 
|  77|0x0000000084d00000, 0x0000000084d00000, 0x0000000084e00000|  0%| F|  |TAMS 0x0000000084d00000, 0x0000000084d00000| Untracked 
|  78|0x0000000084e00000, 0x0000000084e00000, 0x0000000084f00000|  0%| F|  |TAMS 0x0000000084e00000, 0x0000000084e00000| Untracked 
|  79|0x0000000084f00000, 0x0000000084f00000, 0x0000000085000000|  0%| F|  |TAMS 0x0000000084f00000, 0x0000000084f00000| Untracked 
|  80|0x0000000085000000, 0x0000000085000000, 0x0000000085100000|  0%| F|  |TAMS 0x0000000085000000, 0x0000000085000000| Untracked 
|  81|0x0000000085100000, 0x0000000085100000, 0x0000000085200000|  0%| F|  |TAMS 0x0000000085100000, 0x0000000085100000| Untracked 
|  82|0x0000000085200000, 0x0000000085200000, 0x0000000085300000|  0%| F|  |TAMS 0x0000000085200000, 0x0000000085200000| Untracked 
|  83|0x0000000085300000, 0x0000000085300000, 0x0000000085400000|  0%| F|  |TAMS 0x0000000085300000, 0x0000000085300000| Untracked 
|  84|0x0000000085400000, 0x0000000085400000, 0x0000000085500000|  0%| F|  |TAMS 0x0000000085400000, 0x0000000085400000| Untracked 
|  85|0x0000000085500000, 0x0000000085500000, 0x0000000085600000|  0%| F|  |TAMS 0x0000000085500000, 0x0000000085500000| Untracked 
|  86|0x0000000085600000, 0x0000000085600000, 0x0000000085700000|  0%| F|  |TAMS 0x0000000085600000, 0x0000000085600000| Untracked 
|  87|0x0000000085700000, 0x0000000085700000, 0x0000000085800000|  0%| F|  |TAMS 0x0000000085700000, 0x0000000085700000| Untracked 
|  88|0x0000000085800000, 0x0000000085800000, 0x0000000085900000|  0%| F|  |TAMS 0x0000000085800000, 0x0000000085800000| Untracked 
|  89|0x0000000085900000, 0x0000000085900000, 0x0000000085a00000|  0%| F|  |TAMS 0x0000000085900000, 0x0000000085900000| Untracked 
|  90|0x0000000085a00000, 0x0000000085a00000, 0x0000000085b00000|  0%| F|  |TAMS 0x0000000085a00000, 0x0000000085a00000| Untracked 
|  91|0x0000000085b00000, 0x0000000085b00000, 0x0000000085c00000|  0%| F|  |TAMS 0x0000000085b00000, 0x0000000085b00000| Untracked 
|  92|0x0000000085c00000, 0x0000000085c00000, 0x0000000085d00000|  0%| F|  |TAMS 0x0000000085c00000, 0x0000000085c00000| Untracked 
|  93|0x0000000085d00000, 0x0000000085d00000, 0x0000000085e00000|  0%| F|  |TAMS 0x0000000085d00000, 0x0000000085d00000| Untracked 
|  94|0x0000000085e00000, 0x0000000085e00000, 0x0000000085f00000|  0%| F|  |TAMS 0x0000000085e00000, 0x0000000085e00000| Untracked 
|  95|0x0000000085f00000, 0x0000000085f00000, 0x0000000086000000|  0%| F|  |TAMS 0x0000000085f00000, 0x0000000085f00000| Untracked 
|  96|0x0000000086000000, 0x0000000086000000, 0x0000000086100000|  0%| F|  |TAMS 0x0000000086000000, 0x0000000086000000| Untracked 
|  97|0x0000000086100000, 0x0000000086100000, 0x0000000086200000|  0%| F|  |TAMS 0x0000000086100000, 0x0000000086100000| Untracked 
|  98|0x0000000086200000, 0x0000000086200000, 0x0000000086300000|  0%| F|  |TAMS 0x0000000086200000, 0x0000000086200000| Untracked 
|  99|0x0000000086300000, 0x0000000086300000, 0x0000000086400000|  0%| F|  |TAMS 0x0000000086300000, 0x0000000086300000| Untracked 
| 100|0x0000000086400000, 0x0000000086400000, 0x0000000086500000|  0%| F|  |TAMS 0x0000000086400000, 0x0000000086400000| Untracked 
| 101|0x0000000086500000, 0x0000000086500000, 0x0000000086600000|  0%| F|  |TAMS 0x0000000086500000, 0x0000000086500000| Untracked 
| 102|0x0000000086600000, 0x0000000086600000, 0x0000000086700000|  0%| F|  |TAMS 0x0000000086600000, 0x0000000086600000| Untracked 
| 103|0x0000000086700000, 0x0000000086700000, 0x0000000086800000|  0%| F|  |TAMS 0x0000000086700000, 0x0000000086700000| Untracked 
| 104|0x0000000086800000, 0x0000000086800000, 0x0000000086900000|  0%| F|  |TAMS 0x0000000086800000, 0x0000000086800000| Untracked 
| 105|0x0000000086900000, 0x0000000086900000, 0x0000000086a00000|  0%| F|  |TAMS 0x0000000086900000, 0x0000000086900000| Untracked 
| 106|0x0000000086a00000, 0x0000000086a00000, 0x0000000086b00000|  0%| F|  |TAMS 0x0000000086a00000, 0x0000000086a00000| Untracked 
| 107|0x0000000086b00000, 0x0000000086b00000, 0x0000000086c00000|  0%| F|  |TAMS 0x0000000086b00000, 0x0000000086b00000| Untracked 
| 108|0x0000000086c00000, 0x0000000086c00000, 0x0000000086d00000|  0%| F|  |TAMS 0x0000000086c00000, 0x0000000086c00000| Untracked 
| 109|0x0000000086d00000, 0x0000000086d00000, 0x0000000086e00000|  0%| F|  |TAMS 0x0000000086d00000, 0x0000000086d00000| Untracked 
| 110|0x0000000086e00000, 0x0000000086e00000, 0x0000000086f00000|  0%| F|  |TAMS 0x0000000086e00000, 0x0000000086e00000| Untracked 
| 111|0x0000000086f00000, 0x0000000086f00000, 0x0000000087000000|  0%| F|  |TAMS 0x0000000086f00000, 0x0000000086f00000| Untracked 
| 112|0x0000000087000000, 0x0000000087000000, 0x0000000087100000|  0%| F|  |TAMS 0x0000000087000000, 0x0000000087000000| Untracked 
| 113|0x0000000087100000, 0x0000000087100000, 0x0000000087200000|  0%| F|  |TAMS 0x0000000087100000, 0x0000000087100000| Untracked 
| 114|0x0000000087200000, 0x0000000087200000, 0x0000000087300000|  0%| F|  |TAMS 0x0000000087200000, 0x0000000087200000| Untracked 
| 115|0x0000000087300000, 0x0000000087300000, 0x0000000087400000|  0%| F|  |TAMS 0x0000000087300000, 0x0000000087300000| Untracked 
| 116|0x0000000087400000, 0x0000000087400000, 0x0000000087500000|  0%| F|  |TAMS 0x0000000087400000, 0x0000000087400000| Untracked 
| 117|0x0000000087500000, 0x0000000087500000, 0x0000000087600000|  0%| F|  |TAMS 0x0000000087500000, 0x0000000087500000| Untracked 
| 118|0x0000000087600000, 0x0000000087600000, 0x0000000087700000|  0%| F|  |TAMS 0x0000000087600000, 0x0000000087600000| Untracked 
| 119|0x0000000087700000, 0x0000000087700000, 0x0000000087800000|  0%| F|  |TAMS 0x0000000087700000, 0x0000000087700000| Untracked 
| 120|0x0000000087800000, 0x0000000087800000, 0x0000000087900000|  0%| F|  |TAMS 0x0000000087800000, 0x0000000087800000| Untracked 
| 121|0x0000000087900000, 0x0000000087900000, 0x0000000087a00000|  0%| F|  |TAMS 0x0000000087900000, 0x0000000087900000| Untracked 
| 122|0x0000000087a00000, 0x0000000087a00000, 0x0000000087b00000|  0%| F|  |TAMS 0x0000000087a00000, 0x0000000087a00000| Untracked 
| 123|0x0000000087b00000, 0x0000000087b00000, 0x0000000087c00000|  0%| F|  |TAMS 0x0000000087b00000, 0x0000000087b00000| Untracked 
| 124|0x0000000087c00000, 0x0000000087c00000, 0x0000000087d00000|  0%| F|  |TAMS 0x0000000087c00000, 0x0000000087c00000| Untracked 
| 125|0x0000000087d00000, 0x0000000087d00000, 0x0000000087e00000|  0%| F|  |TAMS 0x0000000087d00000, 0x0000000087d00000| Untracked 
| 126|0x0000000087e00000, 0x0000000087e00000, 0x0000000087f00000|  0%| F|  |TAMS 0x0000000087e00000, 0x0000000087e00000| Untracked 
| 127|0x0000000087f00000, 0x0000000087f00000, 0x0000000088000000|  0%| F|  |TAMS 0x0000000087f00000, 0x0000000087f00000| Untracked 
| 128|0x0000000088000000, 0x0000000088000000, 0x0000000088100000|  0%| F|  |TAMS 0x0000000088000000, 0x0000000088000000| Untracked 
| 129|0x0000000088100000, 0x0000000088100000, 0x0000000088200000|  0%| F|  |TAMS 0x0000000088100000, 0x0000000088100000| Untracked 
| 130|0x0000000088200000, 0x0000000088200000, 0x0000000088300000|  0%| F|  |TAMS 0x0000000088200000, 0x0000000088200000| Untracked 
| 131|0x0000000088300000, 0x0000000088300000, 0x0000000088400000|  0%| F|  |TAMS 0x0000000088300000, 0x0000000088300000| Untracked 
| 132|0x0000000088400000, 0x0000000088400000, 0x0000000088500000|  0%| F|  |TAMS 0x0000000088400000, 0x0000000088400000| Untracked 
| 133|0x0000000088500000, 0x0000000088500000, 0x0000000088600000|  0%| F|  |TAMS 0x0000000088500000, 0x0000000088500000| Untracked 
| 134|0x0000000088600000, 0x0000000088600000, 0x0000000088700000|  0%| F|  |TAMS 0x0000000088600000, 0x0000000088600000| Untracked 
| 135|0x0000000088700000, 0x0000000088700000, 0x0000000088800000|  0%| F|  |TAMS 0x0000000088700000, 0x0000000088700000| Untracked 
| 136|0x0000000088800000, 0x0000000088822040, 0x0000000088900000| 13%| S|CS|TAMS 0x0000000088800000, 0x0000000088800000| Complete 
| 137|0x0000000088900000, 0x0000000088a00000, 0x0000000088a00000|100%| S|CS|TAMS 0x0000000088900000, 0x0000000088900000| Complete 
| 138|0x0000000088a00000, 0x0000000088b00000, 0x0000000088b00000|100%| S|CS|TAMS 0x0000000088a00000, 0x0000000088a00000| Complete 
| 139|0x0000000088b00000, 0x0000000088c00000, 0x0000000088c00000|100%| S|CS|TAMS 0x0000000088b00000, 0x0000000088b00000| Complete 
| 140|0x0000000088c00000, 0x0000000088d00000, 0x0000000088d00000|100%| S|CS|TAMS 0x0000000088c00000, 0x0000000088c00000| Complete 
| 141|0x0000000088d00000, 0x0000000088e00000, 0x0000000088e00000|100%| S|CS|TAMS 0x0000000088d00000, 0x0000000088d00000| Complete 
| 142|0x0000000088e00000, 0x0000000088f00000, 0x0000000088f00000|100%| S|CS|TAMS 0x0000000088e00000, 0x0000000088e00000| Complete 
| 143|0x0000000088f00000, 0x0000000089000000, 0x0000000089000000|100%| S|CS|TAMS 0x0000000088f00000, 0x0000000088f00000| Complete 
| 144|0x0000000089000000, 0x0000000089100000, 0x0000000089100000|100%| S|CS|TAMS 0x0000000089000000, 0x0000000089000000| Complete 
| 145|0x0000000089100000, 0x0000000089200000, 0x0000000089200000|100%| S|CS|TAMS 0x0000000089100000, 0x0000000089100000| Complete 
| 146|0x0000000089200000, 0x0000000089300000, 0x0000000089300000|100%| S|CS|TAMS 0x0000000089200000, 0x0000000089200000| Complete 
| 147|0x0000000089300000, 0x0000000089300000, 0x0000000089400000|  0%| F|  |TAMS 0x0000000089300000, 0x0000000089300000| Untracked 
| 148|0x0000000089400000, 0x0000000089400000, 0x0000000089500000|  0%| F|  |TAMS 0x0000000089400000, 0x0000000089400000| Untracked 
| 149|0x0000000089500000, 0x0000000089500000, 0x0000000089600000|  0%| F|  |TAMS 0x0000000089500000, 0x0000000089500000| Untracked 
| 150|0x0000000089600000, 0x0000000089600000, 0x0000000089700000|  0%| F|  |TAMS 0x0000000089600000, 0x0000000089600000| Untracked 
| 151|0x0000000089700000, 0x0000000089700000, 0x0000000089800000|  0%| F|  |TAMS 0x0000000089700000, 0x0000000089700000| Untracked 
| 152|0x0000000089800000, 0x0000000089800000, 0x0000000089900000|  0%| F|  |TAMS 0x0000000089800000, 0x0000000089800000| Untracked 
| 153|0x0000000089900000, 0x0000000089900000, 0x0000000089a00000|  0%| F|  |TAMS 0x0000000089900000, 0x0000000089900000| Untracked 
| 154|0x0000000089a00000, 0x0000000089a00000, 0x0000000089b00000|  0%| F|  |TAMS 0x0000000089a00000, 0x0000000089a00000| Untracked 
| 155|0x0000000089b00000, 0x0000000089b00000, 0x0000000089c00000|  0%| F|  |TAMS 0x0000000089b00000, 0x0000000089b00000| Untracked 
| 156|0x0000000089c00000, 0x0000000089c00000, 0x0000000089d00000|  0%| F|  |TAMS 0x0000000089c00000, 0x0000000089c00000| Untracked 
| 157|0x0000000089d00000, 0x0000000089d00000, 0x0000000089e00000|  0%| F|  |TAMS 0x0000000089d00000, 0x0000000089d00000| Untracked 
| 158|0x0000000089e00000, 0x0000000089e00000, 0x0000000089f00000|  0%| F|  |TAMS 0x0000000089e00000, 0x0000000089e00000| Untracked 
| 159|0x0000000089f00000, 0x0000000089f00000, 0x000000008a000000|  0%| F|  |TAMS 0x0000000089f00000, 0x0000000089f00000| Untracked 
| 160|0x000000008a000000, 0x000000008a000000, 0x000000008a100000|  0%| F|  |TAMS 0x000000008a000000, 0x000000008a000000| Untracked 
| 161|0x000000008a100000, 0x000000008a100000, 0x000000008a200000|  0%| F|  |TAMS 0x000000008a100000, 0x000000008a100000| Untracked 
| 162|0x000000008a200000, 0x000000008a200000, 0x000000008a300000|  0%| F|  |TAMS 0x000000008a200000, 0x000000008a200000| Untracked 
| 163|0x000000008a300000, 0x000000008a300000, 0x000000008a400000|  0%| F|  |TAMS 0x000000008a300000, 0x000000008a300000| Untracked 
| 164|0x000000008a400000, 0x000000008a400000, 0x000000008a500000|  0%| F|  |TAMS 0x000000008a400000, 0x000000008a400000| Untracked 
| 165|0x000000008a500000, 0x000000008a500000, 0x000000008a600000|  0%| F|  |TAMS 0x000000008a500000, 0x000000008a500000| Untracked 
| 166|0x000000008a600000, 0x000000008a600000, 0x000000008a700000|  0%| F|  |TAMS 0x000000008a600000, 0x000000008a600000| Untracked 
| 167|0x000000008a700000, 0x000000008a700000, 0x000000008a800000|  0%| F|  |TAMS 0x000000008a700000, 0x000000008a700000| Untracked 
| 168|0x000000008a800000, 0x000000008a800000, 0x000000008a900000|  0%| F|  |TAMS 0x000000008a800000, 0x000000008a800000| Untracked 
| 169|0x000000008a900000, 0x000000008a900000, 0x000000008aa00000|  0%| F|  |TAMS 0x000000008a900000, 0x000000008a900000| Untracked 
| 170|0x000000008aa00000, 0x000000008aa00000, 0x000000008ab00000|  0%| F|  |TAMS 0x000000008aa00000, 0x000000008aa00000| Untracked 
| 171|0x000000008ab00000, 0x000000008ab00000, 0x000000008ac00000|  0%| F|  |TAMS 0x000000008ab00000, 0x000000008ab00000| Untracked 
| 172|0x000000008ac00000, 0x000000008ac00000, 0x000000008ad00000|  0%| F|  |TAMS 0x000000008ac00000, 0x000000008ac00000| Untracked 
| 173|0x000000008ad00000, 0x000000008ad00000, 0x000000008ae00000|  0%| F|  |TAMS 0x000000008ad00000, 0x000000008ad00000| Untracked 
| 174|0x000000008ae00000, 0x000000008ae00000, 0x000000008af00000|  0%| F|  |TAMS 0x000000008ae00000, 0x000000008ae00000| Untracked 
| 175|0x000000008af00000, 0x000000008af00000, 0x000000008b000000|  0%| F|  |TAMS 0x000000008af00000, 0x000000008af00000| Untracked 
| 176|0x000000008b000000, 0x000000008b000000, 0x000000008b100000|  0%| F|  |TAMS 0x000000008b000000, 0x000000008b000000| Untracked 
| 177|0x000000008b100000, 0x000000008b100000, 0x000000008b200000|  0%| F|  |TAMS 0x000000008b100000, 0x000000008b100000| Untracked 
| 178|0x000000008b200000, 0x000000008b200000, 0x000000008b300000|  0%| F|  |TAMS 0x000000008b200000, 0x000000008b200000| Untracked 
| 179|0x000000008b300000, 0x000000008b300000, 0x000000008b400000|  0%| F|  |TAMS 0x000000008b300000, 0x000000008b300000| Untracked 
| 180|0x000000008b400000, 0x000000008b400000, 0x000000008b500000|  0%| F|  |TAMS 0x000000008b400000, 0x000000008b400000| Untracked 
| 181|0x000000008b500000, 0x000000008b500000, 0x000000008b600000|  0%| F|  |TAMS 0x000000008b500000, 0x000000008b500000| Untracked 
| 182|0x000000008b600000, 0x000000008b600000, 0x000000008b700000|  0%| F|  |TAMS 0x000000008b600000, 0x000000008b600000| Untracked 
| 183|0x000000008b700000, 0x000000008b700000, 0x000000008b800000|  0%| F|  |TAMS 0x000000008b700000, 0x000000008b700000| Untracked 
| 184|0x000000008b800000, 0x000000008b800000, 0x000000008b900000|  0%| F|  |TAMS 0x000000008b800000, 0x000000008b800000| Untracked 
| 185|0x000000008b900000, 0x000000008b900000, 0x000000008ba00000|  0%| F|  |TAMS 0x000000008b900000, 0x000000008b900000| Untracked 
| 186|0x000000008ba00000, 0x000000008ba00000, 0x000000008bb00000|  0%| F|  |TAMS 0x000000008ba00000, 0x000000008ba00000| Untracked 
| 187|0x000000008bb00000, 0x000000008bb00000, 0x000000008bc00000|  0%| F|  |TAMS 0x000000008bb00000, 0x000000008bb00000| Untracked 
| 188|0x000000008bc00000, 0x000000008bc00000, 0x000000008bd00000|  0%| F|  |TAMS 0x000000008bc00000, 0x000000008bc00000| Untracked 
| 189|0x000000008bd00000, 0x000000008bd00000, 0x000000008be00000|  0%| F|  |TAMS 0x000000008bd00000, 0x000000008bd00000| Untracked 
| 190|0x000000008be00000, 0x000000008be00000, 0x000000008bf00000|  0%| F|  |TAMS 0x000000008be00000, 0x000000008be00000| Untracked 
| 191|0x000000008bf00000, 0x000000008bf00000, 0x000000008c000000|  0%| F|  |TAMS 0x000000008bf00000, 0x000000008bf00000| Untracked 
| 192|0x000000008c000000, 0x000000008c000000, 0x000000008c100000|  0%| F|  |TAMS 0x000000008c000000, 0x000000008c000000| Untracked 
| 193|0x000000008c100000, 0x000000008c100000, 0x000000008c200000|  0%| F|  |TAMS 0x000000008c100000, 0x000000008c100000| Untracked 
| 194|0x000000008c200000, 0x000000008c200000, 0x000000008c300000|  0%| F|  |TAMS 0x000000008c200000, 0x000000008c200000| Untracked 
| 195|0x000000008c300000, 0x000000008c300000, 0x000000008c400000|  0%| F|  |TAMS 0x000000008c300000, 0x000000008c300000| Untracked 
| 196|0x000000008c400000, 0x000000008c400000, 0x000000008c500000|  0%| F|  |TAMS 0x000000008c400000, 0x000000008c400000| Untracked 
| 197|0x000000008c500000, 0x000000008c500000, 0x000000008c600000|  0%| F|  |TAMS 0x000000008c500000, 0x000000008c500000| Untracked 
| 198|0x000000008c600000, 0x000000008c600000, 0x000000008c700000|  0%| F|  |TAMS 0x000000008c600000, 0x000000008c600000| Untracked 
| 199|0x000000008c700000, 0x000000008c700000, 0x000000008c800000|  0%| F|  |TAMS 0x000000008c700000, 0x000000008c700000| Untracked 
| 200|0x000000008c800000, 0x000000008c800000, 0x000000008c900000|  0%| F|  |TAMS 0x000000008c800000, 0x000000008c800000| Untracked 
| 201|0x000000008c900000, 0x000000008c900000, 0x000000008ca00000|  0%| F|  |TAMS 0x000000008c900000, 0x000000008c900000| Untracked 
| 202|0x000000008ca00000, 0x000000008ca00000, 0x000000008cb00000|  0%| F|  |TAMS 0x000000008ca00000, 0x000000008ca00000| Untracked 
| 203|0x000000008cb00000, 0x000000008cb00000, 0x000000008cc00000|  0%| F|  |TAMS 0x000000008cb00000, 0x000000008cb00000| Untracked 
| 204|0x000000008cc00000, 0x000000008cc00000, 0x000000008cd00000|  0%| F|  |TAMS 0x000000008cc00000, 0x000000008cc00000| Untracked 
| 205|0x000000008cd00000, 0x000000008cd00000, 0x000000008ce00000|  0%| F|  |TAMS 0x000000008cd00000, 0x000000008cd00000| Untracked 
| 206|0x000000008ce00000, 0x000000008ce00000, 0x000000008cf00000|  0%| F|  |TAMS 0x000000008ce00000, 0x000000008ce00000| Untracked 
| 207|0x000000008cf00000, 0x000000008cf00000, 0x000000008d000000|  0%| F|  |TAMS 0x000000008cf00000, 0x000000008cf00000| Untracked 
| 208|0x000000008d000000, 0x000000008d000000, 0x000000008d100000|  0%| F|  |TAMS 0x000000008d000000, 0x000000008d000000| Untracked 
| 209|0x000000008d100000, 0x000000008d100000, 0x000000008d200000|  0%| F|  |TAMS 0x000000008d100000, 0x000000008d100000| Untracked 
| 210|0x000000008d200000, 0x000000008d200000, 0x000000008d300000|  0%| F|  |TAMS 0x000000008d200000, 0x000000008d200000| Untracked 
| 211|0x000000008d300000, 0x000000008d300000, 0x000000008d400000|  0%| F|  |TAMS 0x000000008d300000, 0x000000008d300000| Untracked 
| 212|0x000000008d400000, 0x000000008d400000, 0x000000008d500000|  0%| F|  |TAMS 0x000000008d400000, 0x000000008d400000| Untracked 
| 213|0x000000008d500000, 0x000000008d500000, 0x000000008d600000|  0%| F|  |TAMS 0x000000008d500000, 0x000000008d500000| Untracked 
| 214|0x000000008d600000, 0x000000008d600000, 0x000000008d700000|  0%| F|  |TAMS 0x000000008d600000, 0x000000008d600000| Untracked 
| 215|0x000000008d700000, 0x000000008d700000, 0x000000008d800000|  0%| F|  |TAMS 0x000000008d700000, 0x000000008d700000| Untracked 
| 216|0x000000008d800000, 0x000000008d800000, 0x000000008d900000|  0%| F|  |TAMS 0x000000008d800000, 0x000000008d800000| Untracked 
| 217|0x000000008d900000, 0x000000008d900000, 0x000000008da00000|  0%| F|  |TAMS 0x000000008d900000, 0x000000008d900000| Untracked 
| 218|0x000000008da00000, 0x000000008da00000, 0x000000008db00000|  0%| F|  |TAMS 0x000000008da00000, 0x000000008da00000| Untracked 
| 219|0x000000008db00000, 0x000000008db00000, 0x000000008dc00000|  0%| F|  |TAMS 0x000000008db00000, 0x000000008db00000| Untracked 
| 220|0x000000008dc00000, 0x000000008dc00000, 0x000000008dd00000|  0%| F|  |TAMS 0x000000008dc00000, 0x000000008dc00000| Untracked 
| 221|0x000000008dd00000, 0x000000008dd00000, 0x000000008de00000|  0%| F|  |TAMS 0x000000008dd00000, 0x000000008dd00000| Untracked 
| 222|0x000000008de00000, 0x000000008de00000, 0x000000008df00000|  0%| F|  |TAMS 0x000000008de00000, 0x000000008de00000| Untracked 
| 223|0x000000008df00000, 0x000000008df00000, 0x000000008e000000|  0%| F|  |TAMS 0x000000008df00000, 0x000000008df00000| Untracked 
| 224|0x000000008e000000, 0x000000008e000000, 0x000000008e100000|  0%| F|  |TAMS 0x000000008e000000, 0x000000008e000000| Untracked 
| 225|0x000000008e100000, 0x000000008e200000, 0x000000008e200000|100%| E|  |TAMS 0x000000008e100000, 0x000000008e100000| Complete 
| 226|0x000000008e200000, 0x000000008e300000, 0x000000008e300000|100%| E|CS|TAMS 0x000000008e200000, 0x000000008e200000| Complete 
| 227|0x000000008e300000, 0x000000008e400000, 0x000000008e400000|100%| E|CS|TAMS 0x000000008e300000, 0x000000008e300000| Complete 
| 228|0x000000008e400000, 0x000000008e500000, 0x000000008e500000|100%| E|CS|TAMS 0x000000008e400000, 0x000000008e400000| Complete 
| 229|0x000000008e500000, 0x000000008e600000, 0x000000008e600000|100%| E|CS|TAMS 0x000000008e500000, 0x000000008e500000| Complete 
| 230|0x000000008e600000, 0x000000008e700000, 0x000000008e700000|100%| E|CS|TAMS 0x000000008e600000, 0x000000008e600000| Complete 
| 231|0x000000008e700000, 0x000000008e800000, 0x000000008e800000|100%| E|CS|TAMS 0x000000008e700000, 0x000000008e700000| Complete 
| 232|0x000000008e800000, 0x000000008e900000, 0x000000008e900000|100%| E|CS|TAMS 0x000000008e800000, 0x000000008e800000| Complete 
| 233|0x000000008e900000, 0x000000008ea00000, 0x000000008ea00000|100%| E|CS|TAMS 0x000000008e900000, 0x000000008e900000| Complete 
| 234|0x000000008ea00000, 0x000000008eb00000, 0x000000008eb00000|100%| E|CS|TAMS 0x000000008ea00000, 0x000000008ea00000| Complete 
| 235|0x000000008eb00000, 0x000000008ec00000, 0x000000008ec00000|100%| E|CS|TAMS 0x000000008eb00000, 0x000000008eb00000| Complete 
| 236|0x000000008ec00000, 0x000000008ed00000, 0x000000008ed00000|100%| E|CS|TAMS 0x000000008ec00000, 0x000000008ec00000| Complete 
| 237|0x000000008ed00000, 0x000000008ee00000, 0x000000008ee00000|100%| E|CS|TAMS 0x000000008ed00000, 0x000000008ed00000| Complete 
| 238|0x000000008ee00000, 0x000000008ef00000, 0x000000008ef00000|100%| E|CS|TAMS 0x000000008ee00000, 0x000000008ee00000| Complete 
| 239|0x000000008ef00000, 0x000000008f000000, 0x000000008f000000|100%| E|CS|TAMS 0x000000008ef00000, 0x000000008ef00000| Complete 
| 240|0x000000008f000000, 0x000000008f100000, 0x000000008f100000|100%| E|CS|TAMS 0x000000008f000000, 0x000000008f000000| Complete 
| 241|0x000000008f100000, 0x000000008f200000, 0x000000008f200000|100%| E|CS|TAMS 0x000000008f100000, 0x000000008f100000| Complete 
| 242|0x000000008f200000, 0x000000008f300000, 0x000000008f300000|100%| E|CS|TAMS 0x000000008f200000, 0x000000008f200000| Complete 
| 243|0x000000008f300000, 0x000000008f400000, 0x000000008f400000|100%| E|CS|TAMS 0x000000008f300000, 0x000000008f300000| Complete 
| 244|0x000000008f400000, 0x000000008f500000, 0x000000008f500000|100%| E|CS|TAMS 0x000000008f400000, 0x000000008f400000| Complete 
| 245|0x000000008f500000, 0x000000008f600000, 0x000000008f600000|100%| E|CS|TAMS 0x000000008f500000, 0x000000008f500000| Complete 
| 246|0x000000008f600000, 0x000000008f700000, 0x000000008f700000|100%| E|CS|TAMS 0x000000008f600000, 0x000000008f600000| Complete 
| 247|0x000000008f700000, 0x000000008f800000, 0x000000008f800000|100%| E|CS|TAMS 0x000000008f700000, 0x000000008f700000| Complete 
| 248|0x000000008f800000, 0x000000008f900000, 0x000000008f900000|100%| E|CS|TAMS 0x000000008f800000, 0x000000008f800000| Complete 
| 249|0x000000008f900000, 0x000000008fa00000, 0x000000008fa00000|100%| E|CS|TAMS 0x000000008f900000, 0x000000008f900000| Complete 
| 250|0x000000008fa00000, 0x000000008fb00000, 0x000000008fb00000|100%| E|CS|TAMS 0x000000008fa00000, 0x000000008fa00000| Complete 
| 251|0x000000008fb00000, 0x000000008fc00000, 0x000000008fc00000|100%| E|CS|TAMS 0x000000008fb00000, 0x000000008fb00000| Complete 
| 252|0x000000008fc00000, 0x000000008fd00000, 0x000000008fd00000|100%| E|CS|TAMS 0x000000008fc00000, 0x000000008fc00000| Complete 
| 253|0x000000008fd00000, 0x000000008fe00000, 0x000000008fe00000|100%| E|CS|TAMS 0x000000008fd00000, 0x000000008fd00000| Complete 

Card table byte_map: [0x0000018c77650000,0x0000018c77a50000] _byte_map_base: 0x0000018c77250000

Marking Bits (Prev, Next): (CMBitMap*) 0x0000018c64457d90, (CMBitMap*) 0x0000018c64457d58
 Prev Bits: [0x0000018c79e50000, 0x0000018c7be50000)
 Next Bits: [0x0000018c77e50000, 0x0000018c79e50000)

Polling page: 0x0000018c623f0000

Metaspace:

Usage:
  Non-class:     20.45 MB capacity,    20.14 MB ( 99%) used,   270.91 KB (  1%) free+waste,    40.06 KB ( <1%) overhead. 
      Class:      3.13 MB capacity,     2.93 MB ( 94%) used,   182.52 KB (  6%) free+waste,    19.75 KB ( <1%) overhead. 
       Both:     23.57 MB capacity,    23.07 MB ( 98%) used,   453.44 KB (  2%) free+waste,    59.81 KB ( <1%) overhead. 

Virtual space:
  Non-class space:       22.00 MB reserved,      20.67 MB ( 94%) committed 
      Class space:        1.00 GB reserved,       3.25 MB ( <1%) committed 
             Both:        1.02 GB reserved,      23.92 MB (  2%) committed 

Chunk freelists:
   Non-Class:  40.00 KB
       Class:  0 bytes
        Both:  40.00 KB

MaxMetaspaceSize: 17179869184.00 GB
CompressedClassSpaceSize: 1.00 GB
Initial GC threshold: 20.80 MB
Current GC threshold: 34.87 MB
CDS: off

CodeHeap 'non-profiled nmethods': size=120000Kb used=1095Kb max_used=1095Kb free=118904Kb
 bounds [0x0000018c6f9f0000, 0x0000018c6fc60000, 0x0000018c76f20000]
CodeHeap 'profiled nmethods': size=120000Kb used=4320Kb max_used=4320Kb free=115679Kb
 bounds [0x0000018c684c0000, 0x0000018c68900000, 0x0000018c6f9f0000]
CodeHeap 'non-nmethods': size=5760Kb used=1221Kb max_used=1257Kb free=4538Kb
 bounds [0x0000018c67f20000, 0x0000018c68190000, 0x0000018c684c0000]
 total_blobs=2551 nmethods=2062 adapters=401
 compilation: enabled
              stopped_count=0, restarted_count=0
 full_count=0

Compilation events (20 events):
Event: 2.802 Thread 0x0000018c7f185800 2029       3       sun.reflect.generics.parser.SignatureParser::parseTypeSignature (130 bytes)
Event: 2.802 Thread 0x0000018c7f185800 nmethod 2029 0x0000018c688e8090 code [0x0000018c688e8280, 0x0000018c688e86e8]
Event: 2.802 Thread 0x0000018c7f425000 2030  s    4       java.io.DataOutputStream::write (14 bytes)
Event: 2.802 Thread 0x0000018c7f185800 2031       3       java.lang.Class::privateGetDeclaredConstructors (79 bytes)
Event: 2.802 Thread 0x0000018c7f185800 nmethod 2031 0x0000018c688e8810 code [0x0000018c688e8a20, 0x0000018c688e8f28]
Event: 2.803 Thread 0x0000018c7f185800 2032       3       jdk.internal.reflect.NativeConstructorAccessorImpl::newInstance (89 bytes)
Event: 2.804 Thread 0x0000018c7f185800 nmethod 2032 0x0000018c688e9110 code [0x0000018c688e93c0, 0x0000018c688ea238]
Event: 2.804 Thread 0x0000018c7f185800 2035       3       jdk.internal.reflect.ByteVectorImpl::getLength (7 bytes)
Event: 2.804 Thread 0x0000018c7f185800 nmethod 2035 0x0000018c688ea710 code [0x0000018c688ea8c0, 0x0000018c688ea9b8]
Event: 2.804 Thread 0x0000018c7f185800 2037       3       sun.reflect.annotation.AnnotationType::getInstance (65 bytes)
Event: 2.804 Thread 0x0000018c7f185800 nmethod 2037 0x0000018c688eaa90 code [0x0000018c688eaca0, 0x0000018c688eb288]
Event: 2.804 Thread 0x0000018c7f185800 2038       3       jdk.internal.reflect.ConstantPool::getIntAt (10 bytes)
Event: 2.805 Thread 0x0000018c7f185800 nmethod 2038 0x0000018c688eb510 code [0x0000018c688eb6c0, 0x0000018c688eb7e8]
Event: 2.806 Thread 0x0000018c7f425000 nmethod 2030 0x0000018c6faffe10 code [0x0000018c6fafffc0, 0x0000018c6fb00648]
Event: 2.806 Thread 0x0000018c7f425000 2033       4       jdk.internal.reflect.ByteVectorImpl::add (38 bytes)
Event: 2.808 Thread 0x0000018c7f425000 nmethod 2033 0x0000018c6fb00890 code [0x0000018c6fb00a40, 0x0000018c6fb00b28]
Event: 2.808 Thread 0x0000018c7f425000 2034       4       jdk.internal.reflect.ClassFileAssembler::emitByte (11 bytes)
Event: 2.809 Thread 0x0000018c7f425000 nmethod 2034 0x0000018c6fb00c90 code [0x0000018c6fb00e40, 0x0000018c6fb00f68]
Event: 2.809 Thread 0x0000018c7f425000 2040   !   4       java.net.URLClassLoader::findClass (47 bytes)
Event: 2.812 Thread 0x0000018c7f425000 nmethod 2040 0x0000018c6fb01110 code [0x0000018c6fb012e0, 0x0000018c6fb014f8]

GC Heap History (4 events):
Event: 0.550 GC heap before
{Heap before GC invocations=0 (full 0):
 garbage-first heap   total 260096K, used 29696K [0x0000000080000000, 0x0000000100000000)
  region size 1024K, 24 young (24576K), 0 survivors (0K)
 Metaspace       used 10161K, capacity 10435K, committed 10624K, reserved 1058816K
  class space    used 1055K, capacity 1138K, committed 1152K, reserved 1048576K
}
Event: 0.554 GC heap after
{Heap after GC invocations=1 (full 0):
 garbage-first heap   total 260096K, used 9471K [0x0000000080000000, 0x0000000100000000)
  region size 1024K, 3 young (3072K), 3 survivors (3072K)
 Metaspace       used 10161K, capacity 10435K, committed 10624K, reserved 1058816K
  class space    used 1055K, capacity 1138K, committed 1152K, reserved 1048576K
}
Event: 2.339 GC heap before
{Heap before GC invocations=1 (full 0):
 garbage-first heap   total 260096K, used 114943K [0x0000000080000000, 0x0000000100000000)
  region size 1024K, 107 young (109568K), 3 survivors (3072K)
 Metaspace       used 20656K, capacity 21117K, committed 21296K, reserved 1069056K
  class space    used 2539K, capacity 2680K, committed 2688K, reserved 1048576K
}
Event: 2.353 GC heap after
{Heap after GC invocations=2 (full 0):
 garbage-first heap   total 260096K, used 16775K [0x0000000080000000, 0x0000000100000000)
  region size 1024K, 11 young (11264K), 11 survivors (11264K)
 Metaspace       used 20656K, capacity 21117K, committed 21296K, reserved 1069056K
  class space    used 2539K, capacity 2680K, committed 2688K, reserved 1048576K
}

Deoptimization events (20 events):
Event: 2.271 Thread 0x0000018c01429800 Uncommon trap: trap_request=0xffffff4d fr.pc=0x0000018c6fa66ff8 relative=0x0000000000000218
Event: 2.271 Thread 0x0000018c01429800 Uncommon trap: reason=unstable_if action=reinterpret pc=0x0000018c6fa66ff8 method=java.util.regex.Matcher.reset()Ljava/util/regex/Matcher; @ 71 c2
Event: 2.271 Thread 0x0000018c01429800 DEOPT PACKING pc=0x0000018c6fa66ff8 sp=0x0000003f77bf8b80
Event: 2.271 Thread 0x0000018c01429800 DEOPT UNPACKING pc=0x0000018c67f6a1af sp=0x0000003f77bf8b10 mode 2
Event: 2.329 Thread 0x0000018c01429800 Uncommon trap: trap_request=0xffffffc6 fr.pc=0x0000018c6fa6e624 relative=0x0000000000000084
Event: 2.329 Thread 0x0000018c01429800 Uncommon trap: reason=bimorphic_or_optimized_type_check action=maybe_recompile pc=0x0000018c6fa6e624 method=java.util.AbstractList$Itr.hasNext()Z @ 8 c2
Event: 2.329 Thread 0x0000018c01429800 DEOPT PACKING pc=0x0000018c6fa6e624 sp=0x0000003f77bfa8f0
Event: 2.329 Thread 0x0000018c01429800 DEOPT UNPACKING pc=0x0000018c67f6a1af sp=0x0000003f77bfa888 mode 2
Event: 2.329 Thread 0x0000018c01429800 Uncommon trap: trap_request=0xffffffc6 fr.pc=0x0000018c6fa70a74 relative=0x0000000000000134
Event: 2.329 Thread 0x0000018c01429800 Uncommon trap: reason=bimorphic_or_optimized_type_check action=maybe_recompile pc=0x0000018c6fa70a74 method=java.util.AbstractList$Itr.next()Ljava/lang/Object; @ 14 c2
Event: 2.329 Thread 0x0000018c01429800 DEOPT PACKING pc=0x0000018c6fa70a74 sp=0x0000003f77bfa8e0
Event: 2.329 Thread 0x0000018c01429800 DEOPT UNPACKING pc=0x0000018c67f6a1af sp=0x0000003f77bfa878 mode 2
Event: 2.329 Thread 0x0000018c01429800 Uncommon trap: trap_request=0xffffff4d fr.pc=0x0000018c6fa679f8 relative=0x00000000000005b8
Event: 2.329 Thread 0x0000018c01429800 Uncommon trap: reason=unstable_if action=reinterpret pc=0x0000018c6fa679f8 method=java.io.File.getName()Ljava/lang/String; @ 16 c2
Event: 2.329 Thread 0x0000018c01429800 DEOPT PACKING pc=0x0000018c6fa679f8 sp=0x0000003f77bfb2b0
Event: 2.329 Thread 0x0000018c01429800 DEOPT UNPACKING pc=0x0000018c67f6a1af sp=0x0000003f77bfb280 mode 2
Event: 2.478 Thread 0x0000018c01429800 Uncommon trap: trap_request=0xffffff4d fr.pc=0x0000018c6fadee18 relative=0x0000000000000398
Event: 2.478 Thread 0x0000018c01429800 Uncommon trap: reason=unstable_if action=reinterpret pc=0x0000018c6fadee18 method=jdk.internal.org.objectweb.asm.Type.getArgumentsAndReturnSizes(Ljava/lang/String;)I @ 88 c2
Event: 2.478 Thread 0x0000018c01429800 DEOPT PACKING pc=0x0000018c6fadee18 sp=0x0000003f77bf9820
Event: 2.478 Thread 0x0000018c01429800 DEOPT UNPACKING pc=0x0000018c67f6a1af sp=0x0000003f77bf97a8 mode 2

Classes redefined (0 events):
No events

Internal exceptions (20 events):
Event: 0.352 Thread 0x0000018c64413800 Exception <a 'java/lang/NoSuchMethodError'{0x000000008ebd2ab0}: 'java.lang.Object java.lang.invoke.DirectMethodHandle$Holder.invokeVirtual(java.lang.Object, java.lang.Object, java.lang.Object, java.lang.Object, java.lang.Object, java.lang.Object, java.lang.Object)'> (0x000000008ebd2ab0) thrown at [./src/hotspot/share/interpreter/linkResolver.cpp, line 773]
Event: 0.354 Thread 0x0000018c64413800 Exception <a 'java/lang/NoSuchMethodError'{0x000000008ebe7698}: 'java.lang.Object java.lang.invoke.Invokers$Holder.invoker(java.lang.Object, java.lang.Object, java.lang.Object)'> (0x000000008ebe7698) thrown at [./src/hotspot/share/interpreter/linkResolver.cpp, line 773]
Event: 0.356 Thread 0x0000018c64413800 Exception <a 'java/lang/NoSuchMethodError'{0x000000008ebf8958}: 'void java.lang.invoke.DelegatingMethodHandle$Holder.delegate(java.lang.Object, java.lang.Object, int, java.lang.Object)'> (0x000000008ebf8958) thrown at [./src/hotspot/share/interpreter/linkResolver.cpp, line 773]
Event: 0.758 Thread 0x0000018c64413800 Exception <a 'java/security/PrivilegedActionException'{0x000000008d529690}> (0x000000008d529690) thrown at [./src/hotspot/share/prims/jvm.cpp, line 1306]
Event: 0.759 Thread 0x0000018c64413800 Exception <a 'java/security/PrivilegedActionException'{0x000000008d529c08}> (0x000000008d529c08) thrown at [./src/hotspot/share/prims/jvm.cpp, line 1306]
Event: 0.973 Thread 0x0000018c64413800 Exception <a 'java/lang/NoSuchMethodError'{0x000000008c4a5780}: 'java.lang.Object java.lang.invoke.DirectMethodHandle$Holder.invokeStaticInit(java.lang.Object, java.lang.Object, java.lang.Object)'> (0x000000008c4a5780) thrown at [./src/hotspot/share/interpreter/linkResolver.cpp, line 773]
Event: 1.157 Thread 0x0000018c64413800 Exception <a 'java/lang/NoSuchMethodError'{0x000000008bd15fa8}: 'java.lang.Object java.lang.invoke.DirectMethodHandle$Holder.invokeStaticInit(java.lang.Object, int, int, int, int)'> (0x000000008bd15fa8) thrown at [./src/hotspot/share/interpreter/linkResolver.cpp, line 773]
Event: 1.338 Thread 0x0000018c64413800 Exception <a 'java/lang/NoSuchMethodError'{0x000000008bde5d98}: 'java.lang.Object java.lang.invoke.DirectMethodHandle$Holder.invokeStaticInit(java.lang.Object, java.lang.Object, int, int, int, int)'> (0x000000008bde5d98) thrown at [./src/hotspot/share/interpreter/linkResolver.cpp, line 773]
Event: 1.708 Thread 0x0000018c64413800 Exception <a 'java/io/IOException'{0x000000008ba34470}> (0x000000008ba34470) thrown at [./src/hotspot/share/prims/jni.cpp, line 615]
Event: 1.878 Thread 0x0000018c01429800 Exception <a 'java/lang/NoSuchMethodError'{0x000000008b4efac0}: 'long java.lang.invoke.DirectMethodHandle$Holder.invokeInterface(java.lang.Object, java.lang.Object)'> (0x000000008b4efac0) thrown at [./src/hotspot/share/interpreter/linkResolver.cpp, line 773]
Event: 1.879 Thread 0x0000018c01429800 Exception <a 'java/lang/NoSuchMethodError'{0x000000008b4fcb60}: 'void java.lang.invoke.DelegatingMethodHandle$Holder.reinvoke_L(java.lang.Object, java.lang.Object, java.lang.Object, java.lang.Object, java.lang.Object, java.lang.Object, java.lang.Object)'> (0x000000008b4fcb60) thrown at [./src/hotspot/share/interpreter/linkResolver.cpp, line 773]
Event: 2.237 Thread 0x0000018c01429800 Exception <a 'java/lang/NoSuchMethodError'{0x0000000089811210}: 'void java.lang.invoke.DirectMethodHandle$Holder.invokeStaticInit(java.lang.Object)'> (0x0000000089811210) thrown at [./src/hotspot/share/interpreter/linkResolver.cpp, line 773]
Event: 2.248 Thread 0x0000018c01429800 Exception <a 'java/lang/NoSuchMethodError'{0x00000000898be318}: 'java.lang.Object java.lang.invoke.DirectMethodHandle$Holder.invokeStatic(java.lang.Object, java.lang.Object, java.lang.Object, int)'> (0x00000000898be318) thrown at [./src/hotspot/share/interpreter/linkResolver.cpp, line 773]
Event: 2.248 Thread 0x0000018c01429800 Exception <a 'java/lang/NoSuchMethodError'{0x00000000898c2a30}: 'java.lang.Object java.lang.invoke.DirectMethodHandle$Holder.invokeSpecial(java.lang.Object, java.lang.Object, java.lang.Object, java.lang.Object, int)'> (0x00000000898c2a30) thrown at [./src/hotspot/share/interpreter/linkResolver.cpp, line 773]
Event: 2.248 Thread 0x0000018c01429800 Exception <a 'java/lang/NoSuchMethodError'{0x00000000898c6968}: 'java.lang.Object java.lang.invoke.Invokers$Holder.linkToTargetMethod(java.lang.Object, java.lang.Object, int, java.lang.Object)'> (0x00000000898c6968) thrown at [./src/hotspot/share/interpreter/linkResolver.cpp, line 773]
Event: 2.414 Thread 0x0000018c01429800 Exception <a 'java/lang/NoSuchMethodError'{0x000000008fb99568}: 'int java.lang.invoke.DirectMethodHandle$Holder.invokeSpecialIFC(java.lang.Object, java.lang.Object, java.lang.Object, java.lang.Object)'> (0x000000008fb99568) thrown at [./src/hotspot/share/interpreter/linkResolver.cpp, line 773]
Event: 2.416 Thread 0x0000018c01429800 Exception <a 'java/lang/NoSuchMethodError'{0x000000008fba7520}: 'java.lang.Object java.lang.invoke.DirectMethodHandle$Holder.invokeInterface(java.lang.Object, java.lang.Object, java.lang.Object)'> (0x000000008fba7520) thrown at [./src/hotspot/share/interpreter/linkResolver.cpp, line 773]
Event: 2.416 Thread 0x0000018c01429800 Exception <a 'java/lang/IncompatibleClassChangeError'{0x000000008fbaa9f8}: Found class java.lang.Object, but interface was expected> (0x000000008fbaa9f8) thrown at [./src/hotspot/share/interpreter/linkResolver.cpp, line 839]
Event: 2.642 Thread 0x0000018c01429800 Exception <a 'java/lang/NoSuchMethodError'{0x000000008ef31538}: 'java.lang.Object java.lang.invoke.DirectMethodHandle$Holder.invokeSpecial(java.lang.Object, java.lang.Object, java.lang.Object, java.lang.Object, java.lang.Object, java.lang.Object, java.lang.Object, java.lang.Object, java.lang.Object)'> (0x000000008ef31538) thrown at [./src/hotspot/share/interpreter/linkResolver.cpp, line 773]
Event: 2.777 Thread 0x0000018c01429800 Exception <a 'java/lang/NoSuchMethodError'{0x000000008e6a2870}: 'java.lang.Object java.lang.invoke.DirectMethodHandle$Holder.invokeVirtual(java.lang.Object, java.lang.Object, java.lang.Object, java.lang.Object)'> (0x000000008e6a2870) thrown at [./src/hotspot/share/interpreter/linkResolver.cpp, line 773]

Events (20 events):
Event: 2.807 loading class org/gradle/util/Path
Event: 2.807 loading class org/gradle/util/Path done
Event: 2.807 loading class org/gradle/util/internal/GUtil$1
Event: 2.807 loading class org/gradle/util/internal/GUtil$1 done
Event: 2.808 loading class org/gradle/configurationcache/initialization/ConfigurationCacheBuildEnablement$isProblemListenerEnabledForCurrentBuild$2
Event: 2.808 loading class org/gradle/configurationcache/initialization/ConfigurationCacheBuildEnablement$isProblemListenerEnabledForCurrentBuild$2 done
Event: 2.809 loading class kotlin/SynchronizedLazyImpl
Event: 2.809 loading class kotlin/SynchronizedLazyImpl done
Event: 2.809 loading class org/gradle/internal/featurelifecycle/ScriptUsageLocationReporter
Event: 2.809 loading class org/gradle/internal/featurelifecycle/ScriptUsageLocationReporter done
Event: 2.810 loading class org/gradle/internal/build/DefaultBuildLifecycleControllerFactory$1
Event: 2.810 loading class org/gradle/internal/build/DefaultBuildLifecycleControllerFactory$1 done
Event: 2.810 loading class org/gradle/invocation/DefaultGradle
Event: 2.810 loading class org/gradle/invocation/DefaultGradle done
Event: 2.811 loading class org/gradle/api/internal/project/AbstractPluginAware
Event: 2.811 loading class org/gradle/api/internal/project/AbstractPluginAware done
Event: 2.812 loading class org/gradle/internal/instantiation/generator/AbstractClassGenerator$ServicesPropertyHandler
Event: 2.812 loading class org/gradle/internal/instantiation/generator/AbstractClassGenerator$ServicesPropertyHandler done
Event: 2.812 loading class org/gradle/internal/instantiation/generator/AbstractClassGenerator$ClassGenerationHandler
Event: 2.812 loading class org/gradle/internal/instantiation/generator/AbstractClassGenerator$ClassGenerationHandler done


Dynamic libraries:
0x00007ff7dfef0000 - 0x00007ff7dfefa000 	G:\APP\Android studio\jre\bin\java.exe
0x00007ffaa9b60000 - 0x00007ffaa9d69000 	C:\WINDOWS\SYSTEM32\ntdll.dll
0x00007ffaa8900000 - 0x00007ffaa89be000 	C:\WINDOWS\System32\KERNEL32.DLL
0x00007ffaa7270000 - 0x00007ffaa75eb000 	C:\WINDOWS\System32\KERNELBASE.dll
0x00007ffaa70d0000 - 0x00007ffaa71e1000 	C:\WINDOWS\System32\ucrtbase.dll
0x00007ffa4a090000 - 0x00007ffa4a0a7000 	G:\APP\Android studio\jre\bin\VCRUNTIME140.dll
0x00007ffa49dc0000 - 0x00007ffa49dd9000 	G:\APP\Android studio\jre\bin\jli.dll
0x00007ffaa86e0000 - 0x00007ffaa888d000 	C:\WINDOWS\System32\USER32.dll
0x00007ffaa7030000 - 0x00007ffaa7056000 	C:\WINDOWS\System32\win32u.dll
0x00007ffaa6250000 - 0x00007ffaa64f5000 	C:\WINDOWS\WinSxS\amd64_microsoft.windows.common-controls_6595b64144ccf1df_6.0.22000.120_none_9d947278b86cc467\COMCTL32.dll
0x00007ffaa8bc0000 - 0x00007ffaa8be9000 	C:\WINDOWS\System32\GDI32.dll
0x00007ffaa84e0000 - 0x00007ffaa8583000 	C:\WINDOWS\System32\msvcrt.dll
0x00007ffaa75f0000 - 0x00007ffaa7708000 	C:\WINDOWS\System32\gdi32full.dll
0x00007ffaa7940000 - 0x00007ffaa79dd000 	C:\WINDOWS\System32\msvcp_win.dll
0x00007ffaa9a30000 - 0x00007ffaa9a62000 	C:\WINDOWS\System32\IMM32.DLL
0x00007ffa3e4a0000 - 0x00007ffa3e53d000 	G:\APP\Android studio\jre\bin\msvcp140.dll
0x00007ffa09500000 - 0x00007ffa09fe5000 	G:\APP\Android studio\jre\bin\server\jvm.dll
0x00007ffaa9a70000 - 0x00007ffaa9b1e000 	C:\WINDOWS\System32\ADVAPI32.dll
0x00007ffaa8280000 - 0x00007ffaa831e000 	C:\WINDOWS\System32\sechost.dll
0x00007ffaa96b0000 - 0x00007ffaa97d0000 	C:\WINDOWS\System32\RPCRT4.dll
0x00007ffaa8890000 - 0x00007ffaa8898000 	C:\WINDOWS\System32\PSAPI.DLL
0x00007ffaa5890000 - 0x00007ffaa5899000 	C:\WINDOWS\SYSTEM32\WSOCK32.dll
0x00007ffaa4080000 - 0x00007ffaa40b3000 	C:\WINDOWS\SYSTEM32\WINMM.dll
0x00007ffa9fab0000 - 0x00007ffa9faba000 	C:\WINDOWS\SYSTEM32\VERSION.dll
0x00007ffaa91c0000 - 0x00007ffaa922f000 	C:\WINDOWS\System32\WS2_32.dll
0x00007ffaa5260000 - 0x00007ffaa5278000 	C:\WINDOWS\SYSTEM32\kernel.appcore.dll
0x00007ffa70df0000 - 0x00007ffa70e01000 	G:\APP\Android studio\jre\bin\verify.dll
0x00007ffaa6980000 - 0x00007ffaa6ba1000 	C:\WINDOWS\SYSTEM32\DBGHELP.DLL
0x00007ffaa66c0000 - 0x00007ffaa66f1000 	C:\WINDOWS\SYSTEM32\dbgcore.DLL
0x00007ffaa71f0000 - 0x00007ffaa726f000 	C:\WINDOWS\System32\bcryptPrimitives.dll
0x00007ffa45070000 - 0x00007ffa45099000 	G:\APP\Android studio\jre\bin\java.dll
0x00007ffa7e070000 - 0x00007ffa7e07b000 	G:\APP\Android studio\jre\bin\jimage.dll
0x00007ffa63cf0000 - 0x00007ffa63d08000 	G:\APP\Android studio\jre\bin\zip.dll
0x00007ffaa79e0000 - 0x00007ffaa8198000 	C:\WINDOWS\System32\SHELL32.dll
0x00007ffaa4260000 - 0x00007ffaa4ac5000 	C:\WINDOWS\SYSTEM32\windows.storage.dll
0x00007ffaa8e40000 - 0x00007ffaa91b8000 	C:\WINDOWS\System32\combase.dll
0x00007ffaa40f0000 - 0x00007ffaa4256000 	C:\WINDOWS\SYSTEM32\wintypes.dll
0x00007ffaa8c70000 - 0x00007ffaa8d5a000 	C:\WINDOWS\System32\SHCORE.dll
0x00007ffaa8680000 - 0x00007ffaa86dd000 	C:\WINDOWS\System32\shlwapi.dll
0x00007ffaa6f60000 - 0x00007ffaa6f81000 	C:\WINDOWS\SYSTEM32\profapi.dll
0x00007ffa4a280000 - 0x00007ffa4a29a000 	G:\APP\Android studio\jre\bin\net.dll
0x00007ffaa0780000 - 0x00007ffaa0894000 	C:\WINDOWS\SYSTEM32\WINHTTP.dll
0x00007ffaa6040000 - 0x00007ffaa60a7000 	C:\WINDOWS\system32\mswsock.dll
0x00007ffa47940000 - 0x00007ffa47954000 	G:\APP\Android studio\jre\bin\nio.dll
0x00007ffa71d90000 - 0x00007ffa71db7000 	G:\APP\Android studio\.gradle\native\e1d6ef7f7dcc3fd88c89a11ec53ec762bb8ba0a96d01ffa2cd45eb1d1d8dd5c5\windows-amd64\native-platform.dll
0x00007ffa13b50000 - 0x00007ffa13c94000 	G:\APP\Android studio\.gradle\native\5664cfc778a61ccfe75a443a1ab52a65af34e5dc3c78e0209fed803814484fcb\windows-amd64\native-platform-file-events.dll
0x00007ffa766a0000 - 0x00007ffa766aa000 	G:\APP\Android studio\jre\bin\management.dll
0x00007ffa73c90000 - 0x00007ffa73c9d000 	G:\APP\Android studio\jre\bin\management_ext.dll
0x00007ffaa6ce0000 - 0x00007ffaa6cf8000 	C:\WINDOWS\SYSTEM32\CRYPTSP.dll
0x00007ffaa51c0000 - 0x00007ffaa51f5000 	C:\WINDOWS\system32\rsaenh.dll
0x00007ffaa5eb0000 - 0x00007ffaa5ed9000 	C:\WINDOWS\SYSTEM32\USERENV.dll
0x00007ffaa6910000 - 0x00007ffaa6937000 	C:\WINDOWS\SYSTEM32\bcrypt.dll
0x00007ffaa6000000 - 0x00007ffaa600c000 	C:\WINDOWS\SYSTEM32\CRYPTBASE.dll
0x00007ffaa4da0000 - 0x00007ffaa4dcd000 	C:\WINDOWS\SYSTEM32\IPHLPAPI.DLL
0x00007ffaa9230000 - 0x00007ffaa9239000 	C:\WINDOWS\System32\NSI.dll
0x00007ffaa0570000 - 0x00007ffaa0589000 	C:\WINDOWS\SYSTEM32\dhcpcsvc6.DLL
0x00007ffaa0ce0000 - 0x00007ffaa0cfe000 	C:\WINDOWS\SYSTEM32\dhcpcsvc.DLL
0x00007ffaa4e10000 - 0x00007ffaa4ef8000 	C:\WINDOWS\SYSTEM32\DNSAPI.dll

dbghelp: loaded successfully - version: 4.0.5 - missing functions: none
symbol engine: initialized successfully - sym options: 0x614 - pdb path: .;G:\APP\Android studio\jre\bin;C:\WINDOWS\SYSTEM32;C:\WINDOWS\WinSxS\amd64_microsoft.windows.common-controls_6595b64144ccf1df_6.0.22000.120_none_9d947278b86cc467;G:\APP\Android studio\jre\bin\server;G:\APP\Android studio\.gradle\native\e1d6ef7f7dcc3fd88c89a11ec53ec762bb8ba0a96d01ffa2cd45eb1d1d8dd5c5\windows-amd64;G:\APP\Android studio\.gradle\native\5664cfc778a61ccfe75a443a1ab52a65af34e5dc3c78e0209fed803814484fcb\windows-amd64

VM Arguments:
jvm_args: --add-opens=java.base/java.util=ALL-UNNAMED --add-opens=java.base/java.lang=ALL-UNNAMED --add-opens=java.base/java.lang.invoke=ALL-UNNAMED --add-opens=java.base/java.util=ALL-UNNAMED --add-opens=java.prefs/java.util.prefs=ALL-UNNAMED --add-opens=java.prefs/java.util.prefs=ALL-UNNAMED --add-opens=java.base/java.nio.charset=ALL-UNNAMED --add-opens=java.base/java.net=ALL-UNNAMED --add-opens=java.base/java.util.concurrent.atomic=ALL-UNNAMED -Xmx2048m -Dfile.encoding=UTF-8 -Duser.country=CN -Duser.language=zh -Duser.variant 
java_command: org.gradle.launcher.daemon.bootstrap.GradleDaemon 7.3.3
java_class_path (initial): G:\APP\Android studio\.gradle\wrapper\dists\gradle-7.3.3-bin\6a41zxkdtcxs8rphpq6y0069z\gradle-7.3.3\lib\gradle-launcher-7.3.3.jar
Launcher Type: SUN_STANDARD

[Global flags]
     intx CICompilerCount                          = 4                                         {product} {ergonomic}
     uint ConcGCThreads                            = 2                                         {product} {ergonomic}
     uint G1ConcRefinementThreads                  = 8                                         {product} {ergonomic}
   size_t G1HeapRegionSize                         = 1048576                                   {product} {ergonomic}
    uintx GCDrainStackTargetSize                   = 64                                        {product} {ergonomic}
   size_t InitialHeapSize                          = 266338304                                 {product} {ergonomic}
   size_t MarkStackSize                            = 4194304                                   {product} {ergonomic}
   size_t MaxHeapSize                              = 2147483648                                {product} {command line}
   size_t MaxNewSize                               = 1287651328                                {product} {ergonomic}
   size_t MinHeapDeltaBytes                        = 1048576                                   {product} {ergonomic}
    uintx NonNMethodCodeHeapSize                   = 5836300                                {pd product} {ergonomic}
    uintx NonProfiledCodeHeapSize                  = 122910970                              {pd product} {ergonomic}
    uintx ProfiledCodeHeapSize                     = 122910970                              {pd product} {ergonomic}
    uintx ReservedCodeCacheSize                    = 251658240                              {pd product} {ergonomic}
     bool SegmentedCodeCache                       = true                                      {product} {ergonomic}
     bool UseCompressedClassPointers               = true                                 {lp64_product} {ergonomic}
     bool UseCompressedOops                        = true                                 {lp64_product} {ergonomic}
     bool UseG1GC                                  = true                                      {product} {ergonomic}
     bool UseLargePagesIndividualAllocation        = false                                  {pd product} {ergonomic}

Logging:
Log output configuration:
 #0: stdout all=warning uptime,level,tags
 #1: stderr all=off uptime,level,tags

Environment Variables:
JAVA_HOME=G:\APP\JDK17
CLASSPATH=.;G:\APP\JDK17\lib;G:\APP\JDK17\lib\dt.jar;G:\APP\JDK17\lib\tools.jar
PATH=G:\APP\CUDA10.2\CUDA\bin;G:\APP\CUDA10.2\CUDA\libnvvp;C:\Program Files\Common Files\Oracle\Java\javapath;G:\APP\JDK17\bin;G:\APP\JDK17\jre\bin;G:\APP\AndroidSDK\Sdk\tools;G:\APP\AndroidSDK\Sdk\platform-tools;G:\APP\Git\cmd;C:\Program Files\NVIDIA Corporation\Nsight Compute 2019.5.0\;C:\Program Files (x86)\NVIDIA Corporation\PhysX\Common;G:\APP\nodejs\;C:\ProgramData\chocolatey\bin;G:\APP\nodejs\node_global;G:\APP\apache-tomcat-9.0.69-windows-x64\apache-tomcat-9.0.69\bin;G:\APP\apache-tomcat-9.0.69-windows-x64\apache-tomcat-9.0.69\lib;G:\APP\apache-tomcat-9.0.69-windows-x64\apache-tomcat-9.0.69\lib\servlet-api.jar;C:\Users\Cocobronie\AppData\Local\Programs\Python\Python39\Scripts\;C:\Users\Cocobronie\AppData\Local\Programs\Python\Python39\;C:\Users\Cocobronie\AppData\Local\Microsoft\WindowsApps;C:\Program Files\Azure Data Studio\bin;"G:\APP\JDK17\bin;";G:\APP\JDK17\jre\bin;C:\Users\Cocobronie\AppData\Roaming\Composer\vendor\bin;"D:\Program Files\Java\jdk1.6.0_10\bin;D:\Program Files\Java\jdk1.6.0_10\jre\bin";G:\APP\IDEA\IntelliJ IDEA 2022.2.1\bin;;G:\APP\Anaconda\Scripts;G:\APP\Anaconda\pkgs\python-3.8.13-h6244533_0;G:\APP\nodejs\node_global;
USERNAME=Cocobronie
OS=Windows_NT
PROCESSOR_IDENTIFIER=Intel64 Family 6 Model 142 Stepping 12, GenuineIntel



---------------  S Y S T E M  ---------------

OS: Windows 10 , 64 bit Build 22000 (10.0.22000.1219)
OS uptime: 1 days 10:15 hours

CPU:total 8 (initial active 8) (4 cores per cpu, 2 threads per core) family 6 model 142 stepping 12 microcode 0xde, cmov, cx8, fxsr, mmx, sse, sse2, sse3, ssse3, sse4.1, sse4.2, popcnt, avx, avx2, aes, clmul, erms, 3dnowpref, lzcnt, ht, tsc, tscinvbit, bmi1, bmi2, adx, fma

Memory: 4k page, system-wide physical 16212M (16M free)
TotalPageFile size 23459M (AvailPageFile size 0M)
current process WorkingSet (physical memory assigned to process): 241M, peak: 242M
current process commit charge ("private bytes"): 412M, peak: 413M

vm_info: OpenJDK 64-Bit Server VM (11.0.12+7-b1504.28-7817840) for windows-amd64 JRE (11.0.12+7-b1504.28-7817840), built on Oct 13 2021 22:12:33 by "builder" with MS VC++ 14.0 (VS2015)

END.
